  [1m[35m (2.1ms)[0m  [1m[34mSELECT sqlite_version(*)[0m
  [1m[35m (1.0ms)[0m  [1m[35mCREATE TABLE "schema_migrations" ("version" varchar NOT NULL PRIMARY KEY)[0m
  [1m[35m (0.9ms)[0m  [1m[35mCREATE TABLE "ar_internal_metadata" ("key" varchar NOT NULL PRIMARY KEY, "value" varchar, "created_at" datetime(6) NOT NULL, "updated_at" datetime(6) NOT NULL)[0m
  [1m[35m (0.2ms)[0m  [1m[34mSELECT "schema_migrations"."version" FROM "schema_migrations" ORDER BY "schema_migrations"."version" ASC[0m
  [1m[35m (0.0ms)[0m  [1m[34mSELECT "schema_migrations"."version" FROM "schema_migrations" ORDER BY "schema_migrations"."version" ASC[0m
  [1m[35m (0.0ms)[0m  [1m[34mSELECT "schema_migrations"."version" FROM "schema_migrations" ORDER BY "schema_migrations"."version" ASC[0m
  [1m[35m (0.0ms)[0m  [1m[34mSELECT sqlite_version(*)[0m
  [1m[35m (0.1ms)[0m  [1m[34mSELECT "schema_migrations"."version" FROM "schema_migrations" ORDER BY "schema_migrations"."version" ASC[0m
  [1m[35m (0.3ms)[0m  [1m[34mSELECT sqlite_version(*)[0m
  [1m[35m (0.1ms)[0m  [1m[34mSELECT "schema_migrations"."version" FROM "schema_migrations" ORDER BY "schema_migrations"."version" ASC[0m
  [1m[35m (0.0ms)[0m  [1m[34mSELECT "schema_migrations"."version" FROM "schema_migrations" ORDER BY "schema_migrations"."version" ASC[0m
  [1m[35m (0.0ms)[0m  [1m[34mSELECT "schema_migrations"."version" FROM "schema_migrations" ORDER BY "schema_migrations"."version" ASC[0m
  [1m[35m (0.0ms)[0m  [1m[34mSELECT sqlite_version(*)[0m
  [1m[35m (0.1ms)[0m  [1m[34mSELECT "schema_migrations"."version" FROM "schema_migrations" ORDER BY "schema_migrations"."version" ASC[0m
  [1m[35m (0.3ms)[0m  [1m[34mSELECT sqlite_version(*)[0m
  [1m[35m (0.1ms)[0m  [1m[34mSELECT "schema_migrations"."version" FROM "schema_migrations" ORDER BY "schema_migrations"."version" ASC[0m
  [1m[35m (0.0ms)[0m  [1m[34mSELECT "schema_migrations"."version" FROM "schema_migrations" ORDER BY "schema_migrations"."version" ASC[0m
  [1m[35m (0.0ms)[0m  [1m[34mSELECT "schema_migrations"."version" FROM "schema_migrations" ORDER BY "schema_migrations"."version" ASC[0m
  [1m[35m (0.0ms)[0m  [1m[34mSELECT sqlite_version(*)[0m
  [1m[35m (0.1ms)[0m  [1m[34mSELECT "schema_migrations"."version" FROM "schema_migrations" ORDER BY "schema_migrations"."version" ASC[0m
  [1m[35m (0.6ms)[0m  [1m[34mSELECT sqlite_version(*)[0m
  [1m[35m (0.9ms)[0m  [1m[35mCREATE TABLE "schema_migrations" ("version" varchar NOT NULL PRIMARY KEY)[0m
  [1m[35m (0.8ms)[0m  [1m[35mCREATE TABLE "ar_internal_metadata" ("key" varchar NOT NULL PRIMARY KEY, "value" varchar, "created_at" datetime(6) NOT NULL, "updated_at" datetime(6) NOT NULL)[0m
  [1m[35m (0.2ms)[0m  [1m[34mSELECT "schema_migrations"."version" FROM "schema_migrations" ORDER BY "schema_migrations"."version" ASC[0m
Migrating to CreateBeers (20200511023533)
  [1m[35m (0.1ms)[0m  [1m[36mbegin transaction[0m
  [1m[35m (0.5ms)[0m  [1m[35mCREATE TABLE "beers" ("id" integer PRIMARY KEY AUTOINCREMENT NOT NULL, "name" varchar, "image" varchar, "description" text, "likes" integer, "unlikes" integer, "origin" varchar, "created_at" datetime(6) NOT NULL, "updated_at" datetime(6) NOT NULL)[0m
  [1m[36mprimary::SchemaMigration Create (0.2ms)[0m  [1m[32mINSERT INTO "schema_migrations" ("version") VALUES (?)[0m  [["version", "20200511023533"]]
  [1m[35m (0.5ms)[0m  [1m[36mcommit transaction[0m
  [1m[36mActiveRecord::InternalMetadata Load (0.4ms)[0m  [1m[34mSELECT "ar_internal_metadata".* FROM "ar_internal_metadata" WHERE "ar_internal_metadata"."key" = ? LIMIT ?[0m  [["key", "environment"], ["LIMIT", 1]]
  [1m[35m (0.0ms)[0m  [1m[36mbegin transaction[0m
  [1m[36mActiveRecord::InternalMetadata Create (0.6ms)[0m  [1m[32mINSERT INTO "ar_internal_metadata" ("key", "value", "created_at", "updated_at") VALUES (?, ?, ?, ?)[0m  [["key", "environment"], ["value", "development"], ["created_at", "2020-05-11 02:38:46.865366"], ["updated_at", "2020-05-11 02:38:46.865366"]]
  [1m[35m (0.8ms)[0m  [1m[36mcommit transaction[0m
  [1m[35m (0.0ms)[0m  [1m[34mSELECT sqlite_version(*)[0m
  [1m[35m (0.1ms)[0m  [1m[34mSELECT "schema_migrations"."version" FROM "schema_migrations" ORDER BY "schema_migrations"."version" ASC[0m
  [1m[35m (0.5ms)[0m  [1m[34mSELECT sqlite_version(*)[0m
  [1m[35m (0.2ms)[0m  [1m[34mSELECT "schema_migrations"."version" FROM "schema_migrations" ORDER BY "schema_migrations"."version" ASC[0m
  [1m[35m (0.0ms)[0m  [1m[34mSELECT sqlite_version(*)[0m
  [1m[35m (0.0ms)[0m  [1m[36mbegin transaction[0m
  [1m[36mBeer Create (0.8ms)[0m  [1m[32mINSERT INTO "beers" ("name", "image", "description", "likes", "unlikes", "origin", "created_at", "updated_at") VALUES (?, ?, ?, ?, ?, ?, ?, ?)[0m  [["name", "Hennepin"], ["image", "https://robohash.org/utdoloresperspiciatis.png?size=300x300&set=set1"], ["description", "vibrant, big, musty, nutella, bakers chocolate"], ["likes", 0], ["unlikes", 0], ["origin", "El Balsamo-Quetzaltepec, El Salvador"], ["created_at", "2020-05-11 03:06:11.908515"], ["updated_at", "2020-05-11 03:06:11.908515"]]
  [1m[35m (0.8ms)[0m  [1m[36mcommit transaction[0m
  [1m[35m (0.5ms)[0m  [1m[34mSELECT sqlite_version(*)[0m
  [1m[36mBeer Load (0.2ms)[0m  [1m[34mSELECT "beers".* FROM "beers" LIMIT ?[0m  [["LIMIT", 11]]
  [1m[35m (0.3ms)[0m  [1m[34mSELECT sqlite_version(*)[0m
  [1m[35m (0.1ms)[0m  [1m[34mSELECT "schema_migrations"."version" FROM "schema_migrations" ORDER BY "schema_migrations"."version" ASC[0m
  [1m[35m (0.0ms)[0m  [1m[34mSELECT sqlite_version(*)[0m
  [1m[36mBeer Load (0.1ms)[0m  [1m[34mSELECT "beers".* FROM "beers"[0m
  [1m[35m (0.0ms)[0m  [1m[36mbegin transaction[0m
  [1m[36mBeer Destroy (0.3ms)[0m  [1m[31mDELETE FROM "beers" WHERE "beers"."id" = ?[0m  [["id", 1]]
  [1m[35m (0.7ms)[0m  [1m[36mcommit transaction[0m
  [1m[35m (0.0ms)[0m  [1m[36mbegin transaction[0m
  [1m[36mBeer Create (0.3ms)[0m  [1m[32mINSERT INTO "beers" ("name", "image", "description", "likes", "unlikes", "origin", "created_at", "updated_at") VALUES (?, ?, ?, ?, ?, ?, ?, ?)[0m  [["name", "Arrogant Bastard Ale"], ["image", "https://robohash.org/voluptatemvoluptatequaerat.png?size=300x300&set=set1"], ["description", "wild, watery, lemonade, coconut, peach"], ["likes", 0], ["unlikes", 0], ["origin", "Cundinamarca, Colombia"], ["created_at", "2020-05-11 03:09:03.428336"], ["updated_at", "2020-05-11 03:09:03.428336"]]
  [1m[35m (0.9ms)[0m  [1m[36mcommit transaction[0m
  [1m[35m (0.0ms)[0m  [1m[36mbegin transaction[0m
  [1m[36mBeer Create (0.3ms)[0m  [1m[32mINSERT INTO "beers" ("name", "image", "description", "likes", "unlikes", "origin", "created_at", "updated_at") VALUES (?, ?, ?, ?, ?, ?, ?, ?)[0m  [["name", "Maharaj"], ["image", "https://robohash.org/nesciuntmaioresearum.png?size=300x300&set=set1"], ["description", "soft, coating, orange creamsicle, dates, honey"], ["likes", 0], ["unlikes", 0], ["origin", "Pulneys, India"], ["created_at", "2020-05-11 03:09:03.432504"], ["updated_at", "2020-05-11 03:09:03.432504"]]
  [1m[35m (0.6ms)[0m  [1m[36mcommit transaction[0m
  [1m[35m (0.0ms)[0m  [1m[36mbegin transaction[0m
  [1m[36mBeer Create (0.3ms)[0m  [1m[32mINSERT INTO "beers" ("name", "image", "description", "likes", "unlikes", "origin", "created_at", "updated_at") VALUES (?, ?, ?, ?, ?, ?, ?, ?)[0m  [["name", "Péché Mortel"], ["image", "https://robohash.org/eamaximeerror.png?size=300x300&set=set1"], ["description", "dirty, coating, golden raisin, coconut, grapefruit"], ["likes", 0], ["unlikes", 0], ["origin", "Antigua, Guatemala"], ["created_at", "2020-05-11 03:09:03.436105"], ["updated_at", "2020-05-11 03:09:03.436105"]]
  [1m[35m (0.7ms)[0m  [1m[36mcommit transaction[0m
  [1m[35m (0.0ms)[0m  [1m[36mbegin transaction[0m
  [1m[36mBeer Create (0.3ms)[0m  [1m[32mINSERT INTO "beers" ("name", "image", "description", "likes", "unlikes", "origin", "created_at", "updated_at") VALUES (?, ?, ?, ?, ?, ?, ?, ?)[0m  [["name", "Stone IPA"], ["image", "https://robohash.org/hicdoloremquis.png?size=300x300&set=set1"], ["description", "pointed, smooth, bittersweet chocolate, marshmallow, bakers chocolate"], ["likes", 0], ["unlikes", 0], ["origin", "Rulindo, Rwanda"], ["created_at", "2020-05-11 03:09:03.439694"], ["updated_at", "2020-05-11 03:09:03.439694"]]
  [1m[35m (0.6ms)[0m  [1m[36mcommit transaction[0m
  [1m[35m (0.0ms)[0m  [1m[36mbegin transaction[0m
  [1m[36mBeer Create (0.3ms)[0m  [1m[32mINSERT INTO "beers" ("name", "image", "description", "likes", "unlikes", "origin", "created_at", "updated_at") VALUES (?, ?, ?, ?, ?, ?, ?, ?)[0m  [["name", "Ten FIDY"], ["image", "https://robohash.org/utrepellendusarchitecto.png?size=300x300&set=set1"], ["description", "dense, chewy, dates, plum, squash"], ["likes", 0], ["unlikes", 0], ["origin", "Kibale, Uganda"], ["created_at", "2020-05-11 03:09:03.443192"], ["updated_at", "2020-05-11 03:09:03.443192"]]
  [1m[35m (0.8ms)[0m  [1m[36mcommit transaction[0m
  [1m[35m (0.1ms)[0m  [1m[36mbegin transaction[0m
  [1m[36mBeer Create (0.3ms)[0m  [1m[32mINSERT INTO "beers" ("name", "image", "description", "likes", "unlikes", "origin", "created_at", "updated_at") VALUES (?, ?, ?, ?, ?, ?, ?, ?)[0m  [["name", "Weihenstephaner Hefeweissbier"], ["image", "https://robohash.org/ipsumdoloremmaxime.png?size=300x300&set=set1"], ["description", "crisp, smooth, banana, dill, liquorice"], ["likes", 0], ["unlikes", 0], ["origin", "Nariño, Colombia"], ["created_at", "2020-05-11 03:09:03.447055"], ["updated_at", "2020-05-11 03:09:03.447055"]]
  [1m[35m (0.6ms)[0m  [1m[36mcommit transaction[0m
  [1m[35m (0.0ms)[0m  [1m[36mbegin transaction[0m
  [1m[36mBeer Create (0.3ms)[0m  [1m[32mINSERT INTO "beers" ("name", "image", "description", "likes", "unlikes", "origin", "created_at", "updated_at") VALUES (?, ?, ?, ?, ?, ?, ?, ?)[0m  [["name", "Trappistes Rochefort 10"], ["image", "https://robohash.org/velitvitaeexcepturi.png?size=300x300&set=set1"], ["description", "pointed, creamy, blueberry, milk chocolate, orange blossom"], ["likes", 0], ["unlikes", 0], ["origin", "Raimi, Yemen"], ["created_at", "2020-05-11 03:09:03.451020"], ["updated_at", "2020-05-11 03:09:03.451020"]]
  [1m[35m (0.6ms)[0m  [1m[36mcommit transaction[0m
  [1m[35m (0.0ms)[0m  [1m[36mbegin transaction[0m
  [1m[36mBeer Create (0.3ms)[0m  [1m[32mINSERT INTO "beers" ("name", "image", "description", "likes", "unlikes", "origin", "created_at", "updated_at") VALUES (?, ?, ?, ?, ?, ?, ?, ?)[0m  [["name", "Westmalle Trappist Tripel"], ["image", "https://robohash.org/animieumtenetur.png?size=300x300&set=set1"], ["description", "dry, syrupy, bittersweet chocolate, sweet pea, cream"], ["likes", 0], ["unlikes", 0], ["origin", "Rulindo, Rwanda"], ["created_at", "2020-05-11 03:09:03.454485"], ["updated_at", "2020-05-11 03:09:03.454485"]]
  [1m[35m (0.5ms)[0m  [1m[36mcommit transaction[0m
  [1m[35m (0.0ms)[0m  [1m[36mbegin transaction[0m
  [1m[36mBeer Create (0.3ms)[0m  [1m[32mINSERT INTO "beers" ("name", "image", "description", "likes", "unlikes", "origin", "created_at", "updated_at") VALUES (?, ?, ?, ?, ?, ?, ?, ?)[0m  [["name", "Stone Imperial Russian Stout"], ["image", "https://robohash.org/omnissedpossimus.png?size=300x300&set=set1"], ["description", "dry, watery, granola, raspberry, graham cracker"], ["likes", 0], ["unlikes", 0], ["origin", "Dipilto, Nicaragua"], ["created_at", "2020-05-11 03:09:03.457702"], ["updated_at", "2020-05-11 03:09:03.457702"]]
  [1m[35m (0.6ms)[0m  [1m[36mcommit transaction[0m
  [1m[35m (0.0ms)[0m  [1m[36mbegin transaction[0m
  [1m[36mBeer Create (0.3ms)[0m  [1m[32mINSERT INTO "beers" ("name", "image", "description", "likes", "unlikes", "origin", "created_at", "updated_at") VALUES (?, ?, ?, ?, ?, ?, ?, ?)[0m  [["name", "Bourbon County Stout"], ["image", "https://robohash.org/recusandaeoptioexpedita.png?size=300x300&set=set1"], ["description", "unbalanced, tea-like, red grape, lemon verbena, graham cracker"], ["likes", 0], ["unlikes", 0], ["origin", "Comayagua, Honduras"], ["created_at", "2020-05-11 03:09:03.461128"], ["updated_at", "2020-05-11 03:09:03.461128"]]
  [1m[35m (0.7ms)[0m  [1m[36mcommit transaction[0m
  [1m[35m (0.0ms)[0m  [1m[36mbegin transaction[0m
  [1m[36mBeer Create (0.3ms)[0m  [1m[32mINSERT INTO "beers" ("name", "image", "description", "likes", "unlikes", "origin", "created_at", "updated_at") VALUES (?, ?, ?, ?, ?, ?, ?, ?)[0m  [["name", "Chimay Grande Réserve"], ["image", "https://robohash.org/molestiaeomnisdignissimos.png?size=300x300&set=set1"], ["description", "sharp, silky, cedar, pecan, soy sauce"], ["likes", 0], ["unlikes", 0], ["origin", "Acatenango, Guatemala"], ["created_at", "2020-05-11 03:09:03.464544"], ["updated_at", "2020-05-11 03:09:03.464544"]]
  [1m[35m (0.6ms)[0m  [1m[36mcommit transaction[0m
  [1m[35m (0.0ms)[0m  [1m[36mbegin transaction[0m
  [1m[36mBeer Create (0.3ms)[0m  [1m[32mINSERT INTO "beers" ("name", "image", "description", "likes", "unlikes", "origin", "created_at", "updated_at") VALUES (?, ?, ?, ?, ?, ?, ?, ?)[0m  [["name", "Alpha King Pale Ale"], ["image", "https://robohash.org/eositaquepossimus.png?size=300x300&set=set1"], ["description", "muted, syrupy, lemonade, ginger, wheat"], ["likes", 0], ["unlikes", 0], ["origin", "Cerrado, Brazil"], ["created_at", "2020-05-11 03:09:03.468126"], ["updated_at", "2020-05-11 03:09:03.468126"]]
  [1m[35m (0.7ms)[0m  [1m[36mcommit transaction[0m
  [1m[35m (0.0ms)[0m  [1m[36mbegin transaction[0m
  [1m[36mBeer Create (0.3ms)[0m  [1m[32mINSERT INTO "beers" ("name", "image", "description", "likes", "unlikes", "origin", "created_at", "updated_at") VALUES (?, ?, ?, ?, ?, ?, ?, ?)[0m  [["name", "Chimay Grande Réserve"], ["image", "https://robohash.org/nonreprehenderitbeatae.png?size=300x300&set=set1"], ["description", "clean, full, magnolia, banana, cantaloupe"], ["likes", 0], ["unlikes", 0], ["origin", "Boquete, Panama"], ["created_at", "2020-05-11 03:09:03.471803"], ["updated_at", "2020-05-11 03:09:03.471803"]]
  [1m[35m (0.7ms)[0m  [1m[36mcommit transaction[0m
  [1m[35m (0.1ms)[0m  [1m[36mbegin transaction[0m
  [1m[36mBeer Create (0.6ms)[0m  [1m[32mINSERT INTO "beers" ("name", "image", "description", "likes", "unlikes", "origin", "created_at", "updated_at") VALUES (?, ?, ?, ?, ?, ?, ?, ?)[0m  [["name", "Ten FIDY"], ["image", "https://robohash.org/quoidmolestiae.png?size=300x300&set=set1"], ["description", "dirty, silky, apricot, passion fruit, prune"], ["likes", 0], ["unlikes", 0], ["origin", "Huila, Colombia"], ["created_at", "2020-05-11 03:09:03.477523"], ["updated_at", "2020-05-11 03:09:03.477523"]]
  [1m[35m (0.6ms)[0m  [1m[36mcommit transaction[0m
  [1m[35m (0.0ms)[0m  [1m[36mbegin transaction[0m
  [1m[36mBeer Create (0.3ms)[0m  [1m[32mINSERT INTO "beers" ("name", "image", "description", "likes", "unlikes", "origin", "created_at", "updated_at") VALUES (?, ?, ?, ?, ?, ?, ?, ?)[0m  [["name", "Orval Trappist Ale"], ["image", "https://robohash.org/rerumautemqui.png?size=300x300&set=set1"], ["description", "juicy, smooth, hops, orange blossom, mango"], ["likes", 0], ["unlikes", 0], ["origin", "Mogiana, Brazil"], ["created_at", "2020-05-11 03:09:03.492949"], ["updated_at", "2020-05-11 03:09:03.492949"]]
  [1m[35m (0.6ms)[0m  [1m[36mcommit transaction[0m
  [1m[35m (0.0ms)[0m  [1m[36mbegin transaction[0m
  [1m[36mBeer Create (0.3ms)[0m  [1m[32mINSERT INTO "beers" ("name", "image", "description", "likes", "unlikes", "origin", "created_at", "updated_at") VALUES (?, ?, ?, ?, ?, ?, ?, ?)[0m  [["name", "Pliny The Elder"], ["image", "https://robohash.org/quiaquiaaut.png?size=300x300&set=set1"], ["description", "structured, tea-like, nutmeg, molasses, mint"], ["likes", 0], ["unlikes", 0], ["origin", "Bugisu, Uganda"], ["created_at", "2020-05-11 03:09:03.496422"], ["updated_at", "2020-05-11 03:09:03.496422"]]
  [1m[35m (0.6ms)[0m  [1m[36mcommit transaction[0m
  [1m[35m (0.1ms)[0m  [1m[36mbegin transaction[0m
  [1m[36mBeer Create (0.3ms)[0m  [1m[32mINSERT INTO "beers" ("name", "image", "description", "likes", "unlikes", "origin", "created_at", "updated_at") VALUES (?, ?, ?, ?, ?, ?, ?, ?)[0m  [["name", "Ten FIDY"], ["image", "https://robohash.org/accusamusdoloremrerum.png?size=300x300&set=set1"], ["description", "complex, juicy, snow pea, nutmeg, black cherry"], ["likes", 0], ["unlikes", 0], ["origin", "Embu, Kenya"], ["created_at", "2020-05-11 03:09:03.499696"], ["updated_at", "2020-05-11 03:09:03.499696"]]
  [1m[35m (0.6ms)[0m  [1m[36mcommit transaction[0m
  [1m[35m (0.0ms)[0m  [1m[36mbegin transaction[0m
  [1m[36mBeer Create (0.3ms)[0m  [1m[32mINSERT INTO "beers" ("name", "image", "description", "likes", "unlikes", "origin", "created_at", "updated_at") VALUES (?, ?, ?, ?, ?, ?, ?, ?)[0m  [["name", "Weihenstephaner Hefeweissbier"], ["image", "https://robohash.org/estnobiset.png?size=300x300&set=set1"], ["description", "muted, slick, golden raisin, lemonade, coconut"], ["likes", 0], ["unlikes", 0], ["origin", "Kayanza, Burundi"], ["created_at", "2020-05-11 03:09:03.503352"], ["updated_at", "2020-05-11 03:09:03.503352"]]
  [1m[35m (0.7ms)[0m  [1m[36mcommit transaction[0m
  [1m[35m (0.0ms)[0m  [1m[36mbegin transaction[0m
  [1m[36mBeer Create (0.3ms)[0m  [1m[32mINSERT INTO "beers" ("name", "image", "description", "likes", "unlikes", "origin", "created_at", "updated_at") VALUES (?, ?, ?, ?, ?, ?, ?, ?)[0m  [["name", "Westmalle Trappist Tripel"], ["image", "https://robohash.org/laboreistetotam.png?size=300x300&set=set1"], ["description", "unbalanced, juicy, cashew, orange creamsicle, fresh wood"], ["likes", 0], ["unlikes", 0], ["origin", "Kigeyo Washing Station, Rwanda"], ["created_at", "2020-05-11 03:09:03.506762"], ["updated_at", "2020-05-11 03:09:03.506762"]]
  [1m[35m (0.8ms)[0m  [1m[36mcommit transaction[0m
  [1m[35m (0.0ms)[0m  [1m[36mbegin transaction[0m
  [1m[36mBeer Create (0.3ms)[0m  [1m[32mINSERT INTO "beers" ("name", "image", "description", "likes", "unlikes", "origin", "created_at", "updated_at") VALUES (?, ?, ?, ?, ?, ?, ?, ?)[0m  [["name", "Alpha King Pale Ale"], ["image", "https://robohash.org/quidemrerumcupiditate.png?size=300x300&set=set1"], ["description", "faint, juicy, magnolia, apricot, soil"], ["likes", 0], ["unlikes", 0], ["origin", "Cerrado, Brazil"], ["created_at", "2020-05-11 03:09:03.528600"], ["updated_at", "2020-05-11 03:09:03.528600"]]
  [1m[35m (0.6ms)[0m  [1m[36mcommit transaction[0m
  [1m[35m (0.1ms)[0m  [1m[36mbegin transaction[0m
  [1m[36mBeer Create (0.3ms)[0m  [1m[32mINSERT INTO "beers" ("name", "image", "description", "likes", "unlikes", "origin", "created_at", "updated_at") VALUES (?, ?, ?, ?, ?, ?, ?, ?)[0m  [["name", "Edmund Fitzgerald Porter"], ["image", "https://robohash.org/facerenisiquidem.png?size=300x300&set=set1"], ["description", "sharp, silky, lemonade, papaya, molasses"], ["likes", 0], ["unlikes", 0], ["origin", "Mt. Kenya, Kenya"], ["created_at", "2020-05-11 03:09:03.532149"], ["updated_at", "2020-05-11 03:09:03.532149"]]
  [1m[35m (0.6ms)[0m  [1m[36mcommit transaction[0m
  [1m[35m (0.4ms)[0m  [1m[34mSELECT sqlite_version(*)[0m
  [1m[36mBeer Load (0.2ms)[0m  [1m[34mSELECT "beers".* FROM "beers" LIMIT ?[0m  [["LIMIT", 11]]
Started GET "/cable" for ::1 at 2020-05-10 22:30:53 -0500
  [1m[35m (0.6ms)[0m  [1m[34mSELECT sqlite_version(*)[0m
  [1m[35m (0.6ms)[0m  [1m[34mSELECT "schema_migrations"."version" FROM "schema_migrations" ORDER BY "schema_migrations"."version" ASC[0m
Started GET "/cable/" [WebSocket] for ::1 at 2020-05-10 22:30:53 -0500
Successfully upgraded to WebSocket (REQUEST_METHOD: GET, HTTP_CONNECTION: Upgrade, HTTP_UPGRADE: websocket)
Subscription class not found: "SongsChannel"
Subscription class not found: "UsersChannel"
Started GET "/" for ::1 at 2020-05-10 22:31:06 -0500
Processing by Rails::WelcomeController#index as HTML
  Rendering /Users/rafas/.rvm/gems/ruby-2.6.1/gems/railties-6.0.3/lib/rails/templates/rails/welcome/index.html.erb
  Rendered /Users/rafas/.rvm/gems/ruby-2.6.1/gems/railties-6.0.3/lib/rails/templates/rails/welcome/index.html.erb (Duration: 12.6ms | Allocations: 480)
Completed 200 OK in 29ms (Views: 22.8ms | ActiveRecord: 0.0ms | Allocations: 2636)


Started GET "/index" for ::1 at 2020-05-10 22:32:24 -0500
  
ActionController::RoutingError (No route matches [GET] "/index"):
  
actionpack (6.0.3) lib/action_dispatch/middleware/debug_exceptions.rb:36:in `call'
web-console (4.0.2) lib/web_console/middleware.rb:132:in `call_app'
web-console (4.0.2) lib/web_console/middleware.rb:28:in `block in call'
web-console (4.0.2) lib/web_console/middleware.rb:17:in `catch'
web-console (4.0.2) lib/web_console/middleware.rb:17:in `call'
actionpack (6.0.3) lib/action_dispatch/middleware/show_exceptions.rb:33:in `call'
railties (6.0.3) lib/rails/rack/logger.rb:37:in `call_app'
railties (6.0.3) lib/rails/rack/logger.rb:26:in `block in call'
activesupport (6.0.3) lib/active_support/tagged_logging.rb:80:in `block in tagged'
activesupport (6.0.3) lib/active_support/tagged_logging.rb:28:in `tagged'
activesupport (6.0.3) lib/active_support/tagged_logging.rb:80:in `tagged'
railties (6.0.3) lib/rails/rack/logger.rb:26:in `call'
sprockets-rails (3.2.1) lib/sprockets/rails/quiet_assets.rb:13:in `call'
actionpack (6.0.3) lib/action_dispatch/middleware/remote_ip.rb:81:in `call'
actionpack (6.0.3) lib/action_dispatch/middleware/request_id.rb:27:in `call'
rack (2.2.2) lib/rack/method_override.rb:24:in `call'
rack (2.2.2) lib/rack/runtime.rb:22:in `call'
activesupport (6.0.3) lib/active_support/cache/strategy/local_cache_middleware.rb:29:in `call'
actionpack (6.0.3) lib/action_dispatch/middleware/executor.rb:14:in `call'
actionpack (6.0.3) lib/action_dispatch/middleware/static.rb:126:in `call'
rack (2.2.2) lib/rack/sendfile.rb:110:in `call'
actionpack (6.0.3) lib/action_dispatch/middleware/host_authorization.rb:82:in `call'
railties (6.0.3) lib/rails/engine.rb:527:in `call'
puma (4.3.3) lib/puma/configuration.rb:228:in `call'
puma (4.3.3) lib/puma/server.rb:682:in `handle_request'
puma (4.3.3) lib/puma/server.rb:472:in `process_client'
puma (4.3.3) lib/puma/server.rb:328:in `block in run'
puma (4.3.3) lib/puma/thread_pool.rb:134:in `block in spawn_thread'
Started GET "/beers" for ::1 at 2020-05-10 22:40:17 -0500
  [1m[35m (0.6ms)[0m  [1m[34mSELECT sqlite_version(*)[0m
Processing by BeersController#index as HTML
  [1m[36mBeer Load (2.6ms)[0m  [1m[34mSELECT "beers".* FROM "beers"[0m
  ↳ app/controllers/beers_controller.rb:5:in `index'
Completed 200 OK in 45ms (Views: 35.5ms | ActiveRecord: 4.6ms | Allocations: 11853)


Started GET "/cable" for ::1 at 2020-05-10 22:40:25 -0500
Started GET "/cable/" [WebSocket] for ::1 at 2020-05-10 22:40:25 -0500
Successfully upgraded to WebSocket (REQUEST_METHOD: GET, HTTP_CONNECTION: Upgrade, HTTP_UPGRADE: websocket)
Subscription class not found: "SongsChannel"
Subscription class not found: "UsersChannel"
Started GET "/beers" for ::1 at 2020-05-10 22:41:49 -0500
Processing by BeersController#index as HTML
  [1m[36mBeer Load (0.5ms)[0m  [1m[34mSELECT "beers".* FROM "beers"[0m
  ↳ app/controllers/beers_controller.rb:5:in `index'
Completed 200 OK in 12ms (Views: 10.5ms | ActiveRecord: 0.5ms | Allocations: 4917)


Started GET "/" for ::1 at 2020-05-10 22:45:11 -0500
Processing by Rails::WelcomeController#index as */*
  Rendering /Users/rafas/.rvm/gems/ruby-2.6.1/gems/railties-6.0.3/lib/rails/templates/rails/welcome/index.html.erb
  Rendered /Users/rafas/.rvm/gems/ruby-2.6.1/gems/railties-6.0.3/lib/rails/templates/rails/welcome/index.html.erb (Duration: 11.8ms | Allocations: 198)
Completed 200 OK in 19ms (Views: 15.2ms | ActiveRecord: 0.0ms | Allocations: 781)


Started GET "/" for ::1 at 2020-05-10 22:50:09 -0500
Processing by Rails::WelcomeController#index as */*
  Rendering /Users/rafas/.rvm/gems/ruby-2.6.1/gems/railties-6.0.3/lib/rails/templates/rails/welcome/index.html.erb
  Rendered /Users/rafas/.rvm/gems/ruby-2.6.1/gems/railties-6.0.3/lib/rails/templates/rails/welcome/index.html.erb (Duration: 1.1ms | Allocations: 7)
Completed 200 OK in 6ms (Views: 4.1ms | ActiveRecord: 0.0ms | Allocations: 239)


Started GET "/" for ::1 at 2020-05-10 22:50:10 -0500
Processing by Rails::WelcomeController#index as */*
  Rendering /Users/rafas/.rvm/gems/ruby-2.6.1/gems/railties-6.0.3/lib/rails/templates/rails/welcome/index.html.erb
  Rendered /Users/rafas/.rvm/gems/ruby-2.6.1/gems/railties-6.0.3/lib/rails/templates/rails/welcome/index.html.erb (Duration: 0.5ms | Allocations: 7)
Completed 200 OK in 3ms (Views: 1.4ms | ActiveRecord: 0.0ms | Allocations: 238)


Started GET "/" for ::1 at 2020-05-10 22:52:00 -0500
  [1m[35m (0.6ms)[0m  [1m[34mSELECT sqlite_version(*)[0m
  [1m[35m (0.6ms)[0m  [1m[34mSELECT "schema_migrations"."version" FROM "schema_migrations" ORDER BY "schema_migrations"."version" ASC[0m
Processing by Rails::WelcomeController#index as */*
  Rendering /Users/rafas/.rvm/gems/ruby-2.6.1/gems/railties-6.0.3/lib/rails/templates/rails/welcome/index.html.erb
  Rendered /Users/rafas/.rvm/gems/ruby-2.6.1/gems/railties-6.0.3/lib/rails/templates/rails/welcome/index.html.erb (Duration: 6.4ms | Allocations: 315)
Completed 200 OK in 12ms (Views: 9.2ms | ActiveRecord: 0.0ms | Allocations: 1639)


Started GET "/cable" for ::1 at 2020-05-10 22:52:00 -0500
Started GET "/cable/" [WebSocket] for ::1 at 2020-05-10 22:52:00 -0500
Successfully upgraded to WebSocket (REQUEST_METHOD: GET, HTTP_CONNECTION: Upgrade, HTTP_UPGRADE: websocket)
Subscription class not found: "SongsChannel"
Subscription class not found: "UsersChannel"
Started GET "/" for ::1 at 2020-05-10 22:52:01 -0500
Processing by Rails::WelcomeController#index as */*
  Rendering /Users/rafas/.rvm/gems/ruby-2.6.1/gems/railties-6.0.3/lib/rails/templates/rails/welcome/index.html.erb
  Rendered /Users/rafas/.rvm/gems/ruby-2.6.1/gems/railties-6.0.3/lib/rails/templates/rails/welcome/index.html.erb (Duration: 8.6ms | Allocations: 196)
Completed 200 OK in 13ms (Views: 10.1ms | ActiveRecord: 0.0ms | Allocations: 773)


Started GET "/beers" for ::1 at 2020-05-10 22:55:05 -0500
Processing by BeersController#index as */*
  [1m[36mBeer Load (3.2ms)[0m  [1m[34mSELECT "beers".* FROM "beers"[0m
  ↳ app/controllers/beers_controller.rb:5:in `index'
Completed 200 OK in 45ms (Views: 35.5ms | ActiveRecord: 4.4ms | Allocations: 11760)


Started GET "/beers" for ::1 at 2020-05-10 23:02:43 -0500
  [1m[35m (0.3ms)[0m  [1m[34mSELECT sqlite_version(*)[0m
Processing by BeersController#index as */*
  [1m[36mBeer Load (1.9ms)[0m  [1m[34mSELECT "beers".* FROM "beers"[0m
  ↳ app/controllers/beers_controller.rb:5:in `index'
Completed 200 OK in 17ms (Views: 14.1ms | ActiveRecord: 1.9ms | Allocations: 4946)


Started GET "/beers" for ::1 at 2020-05-10 23:03:27 -0500
Processing by BeersController#index as */*
  [1m[36mBeer Load (0.2ms)[0m  [1m[34mSELECT "beers".* FROM "beers"[0m
  ↳ app/controllers/beers_controller.rb:5:in `index'
Completed 200 OK in 5ms (Views: 4.1ms | ActiveRecord: 0.2ms | Allocations: 4937)


Started GET "/beers" for ::1 at 2020-05-10 23:04:11 -0500
Processing by BeersController#index as */*
  [1m[36mBeer Load (0.2ms)[0m  [1m[34mSELECT "beers".* FROM "beers"[0m
  ↳ app/controllers/beers_controller.rb:5:in `index'
Completed 200 OK in 5ms (Views: 5.1ms | ActiveRecord: 0.2ms | Allocations: 4934)


Started GET "/beers" for ::1 at 2020-05-10 23:04:27 -0500
Processing by BeersController#index as */*
  [1m[36mBeer Load (0.3ms)[0m  [1m[34mSELECT "beers".* FROM "beers"[0m
  ↳ app/controllers/beers_controller.rb:5:in `index'
Completed 200 OK in 5ms (Views: 4.7ms | ActiveRecord: 0.3ms | Allocations: 4934)


Started GET "/beers" for ::1 at 2020-05-10 23:06:43 -0500
Processing by BeersController#index as */*
  [1m[36mBeer Load (0.4ms)[0m  [1m[34mSELECT "beers".* FROM "beers"[0m
  ↳ app/controllers/beers_controller.rb:5:in `index'
Completed 200 OK in 25ms (Views: 23.2ms | ActiveRecord: 0.4ms | Allocations: 4920)


Started GET "/beers" for ::1 at 2020-05-10 23:08:16 -0500
Processing by BeersController#index as */*
  [1m[36mBeer Load (0.4ms)[0m  [1m[34mSELECT "beers".* FROM "beers"[0m
  ↳ app/controllers/beers_controller.rb:5:in `index'
Completed 200 OK in 29ms (Views: 27.8ms | ActiveRecord: 0.4ms | Allocations: 4920)


Started GET "/beers" for ::1 at 2020-05-10 23:08:18 -0500
Processing by BeersController#index as */*
  [1m[36mBeer Load (0.5ms)[0m  [1m[34mSELECT "beers".* FROM "beers"[0m
  ↳ app/controllers/beers_controller.rb:5:in `index'
Completed 200 OK in 26ms (Views: 24.9ms | ActiveRecord: 0.5ms | Allocations: 4920)


Started GET "/beers" for ::1 at 2020-05-10 23:25:27 -0500
  [1m[35m (0.3ms)[0m  [1m[34mSELECT sqlite_version(*)[0m
Processing by BeersController#index as */*
  [1m[36mBeer Load (1.3ms)[0m  [1m[34mSELECT "beers".* FROM "beers"[0m
  ↳ app/controllers/beers_controller.rb:5:in `index'
Completed 200 OK in 14ms (Views: 11.2ms | ActiveRecord: 1.3ms | Allocations: 4946)


Started GET "/beers" for ::1 at 2020-05-10 23:25:29 -0500
Processing by BeersController#index as */*
  [1m[36mBeer Load (0.6ms)[0m  [1m[34mSELECT "beers".* FROM "beers"[0m
  ↳ app/controllers/beers_controller.rb:5:in `index'
Completed 200 OK in 11ms (Views: 9.3ms | ActiveRecord: 0.6ms | Allocations: 4920)


Started GET "/beers" for ::1 at 2020-05-10 23:26:28 -0500
Processing by BeersController#index as */*
  [1m[36mBeer Load (0.4ms)[0m  [1m[34mSELECT "beers".* FROM "beers"[0m
  ↳ app/controllers/beers_controller.rb:5:in `index'
Completed 200 OK in 13ms (Views: 11.4ms | ActiveRecord: 0.4ms | Allocations: 4920)


Started GET "/beers" for ::1 at 2020-05-10 23:27:31 -0500
Processing by BeersController#index as */*
  [1m[36mBeer Load (0.4ms)[0m  [1m[34mSELECT "beers".* FROM "beers"[0m
  ↳ app/controllers/beers_controller.rb:5:in `index'
Completed 200 OK in 52ms (Views: 51.4ms | ActiveRecord: 0.4ms | Allocations: 4924)


Started GET "/beers" for ::1 at 2020-05-10 23:31:56 -0500
Processing by BeersController#index as */*
  [1m[36mBeer Load (0.2ms)[0m  [1m[34mSELECT "beers".* FROM "beers"[0m
  ↳ app/controllers/beers_controller.rb:5:in `index'
Completed 200 OK in 11ms (Views: 10.2ms | ActiveRecord: 0.2ms | Allocations: 4920)


Started GET "/beers" for ::1 at 2020-05-10 23:33:16 -0500
Processing by BeersController#index as */*
  [1m[36mBeer Load (0.3ms)[0m  [1m[34mSELECT "beers".* FROM "beers"[0m
  ↳ app/controllers/beers_controller.rb:5:in `index'
Completed 200 OK in 7ms (Views: 6.0ms | ActiveRecord: 0.3ms | Allocations: 4920)


Started GET "/beers" for ::1 at 2020-05-10 23:36:15 -0500
Processing by BeersController#index as */*
  [1m[36mBeer Load (1.0ms)[0m  [1m[34mSELECT "beers".* FROM "beers"[0m
  ↳ app/controllers/beers_controller.rb:5:in `index'
Completed 200 OK in 19ms (Views: 15.6ms | ActiveRecord: 1.0ms | Allocations: 4920)


Started GET "/beers" for ::1 at 2020-05-10 23:41:12 -0500
Processing by BeersController#index as */*
  [1m[36mBeer Load (0.3ms)[0m  [1m[34mSELECT "beers".* FROM "beers"[0m
  ↳ app/controllers/beers_controller.rb:5:in `index'
Completed 200 OK in 53ms (Views: 51.7ms | ActiveRecord: 0.3ms | Allocations: 4924)


Started GET "/beers" for ::1 at 2020-05-10 23:42:47 -0500
Processing by BeersController#index as */*
  [1m[36mBeer Load (0.4ms)[0m  [1m[34mSELECT "beers".* FROM "beers"[0m
  ↳ app/controllers/beers_controller.rb:5:in `index'
Completed 200 OK in 10ms (Views: 8.6ms | ActiveRecord: 0.4ms | Allocations: 4920)


Started GET "/beers" for ::1 at 2020-05-10 23:44:30 -0500
Processing by BeersController#index as */*
  [1m[36mBeer Load (0.3ms)[0m  [1m[34mSELECT "beers".* FROM "beers"[0m
  ↳ app/controllers/beers_controller.rb:5:in `index'
Completed 200 OK in 7ms (Views: 6.8ms | ActiveRecord: 0.3ms | Allocations: 4920)


Started GET "/beers" for ::1 at 2020-05-10 23:45:20 -0500
Processing by BeersController#index as */*
  [1m[36mBeer Load (0.2ms)[0m  [1m[34mSELECT "beers".* FROM "beers"[0m
  ↳ app/controllers/beers_controller.rb:5:in `index'
Completed 200 OK in 7ms (Views: 6.3ms | ActiveRecord: 0.2ms | Allocations: 4920)


Started GET "/beers" for ::1 at 2020-05-10 23:45:39 -0500
Processing by BeersController#index as */*
  [1m[36mBeer Load (0.3ms)[0m  [1m[34mSELECT "beers".* FROM "beers"[0m
  ↳ app/controllers/beers_controller.rb:5:in `index'
Completed 200 OK in 8ms (Views: 6.6ms | ActiveRecord: 0.3ms | Allocations: 4920)


Started GET "/beers" for ::1 at 2020-05-11 00:05:22 -0500
  [1m[35m (0.2ms)[0m  [1m[34mSELECT sqlite_version(*)[0m
Processing by BeersController#index as */*
  [1m[36mBeer Load (2.2ms)[0m  [1m[34mSELECT "beers".* FROM "beers"[0m
  ↳ app/controllers/beers_controller.rb:5:in `index'
Completed 200 OK in 32ms (Views: 27.3ms | ActiveRecord: 2.2ms | Allocations: 4946)


Started GET "/beers" for ::1 at 2020-05-11 00:08:35 -0500
Processing by BeersController#index as */*
  [1m[36mBeer Load (0.8ms)[0m  [1m[34mSELECT "beers".* FROM "beers"[0m
  ↳ app/controllers/beers_controller.rb:5:in `index'
Completed 200 OK in 22ms (Views: 19.4ms | ActiveRecord: 0.8ms | Allocations: 4920)


Started GET "/beers" for ::1 at 2020-05-11 00:11:06 -0500
Processing by BeersController#index as */*
  [1m[36mBeer Load (0.3ms)[0m  [1m[34mSELECT "beers".* FROM "beers"[0m
  ↳ app/controllers/beers_controller.rb:5:in `index'
Completed 200 OK in 8ms (Views: 7.3ms | ActiveRecord: 0.3ms | Allocations: 4920)


Started GET "/beers" for ::1 at 2020-05-11 00:14:08 -0500
Processing by BeersController#index as */*
  [1m[36mBeer Load (0.2ms)[0m  [1m[34mSELECT "beers".* FROM "beers"[0m
  ↳ app/controllers/beers_controller.rb:5:in `index'
Completed 200 OK in 7ms (Views: 5.7ms | ActiveRecord: 0.2ms | Allocations: 4920)


Started GET "/beers" for ::1 at 2020-05-11 00:18:06 -0500
Processing by BeersController#index as */*
  [1m[36mBeer Load (0.6ms)[0m  [1m[34mSELECT "beers".* FROM "beers"[0m
  ↳ app/controllers/beers_controller.rb:5:in `index'
Completed 200 OK in 9ms (Views: 7.5ms | ActiveRecord: 0.6ms | Allocations: 4920)


Started GET "/beers" for ::1 at 2020-05-11 00:20:59 -0500
Processing by BeersController#index as */*
  [1m[36mBeer Load (3.1ms)[0m  [1m[34mSELECT "beers".* FROM "beers"[0m
  ↳ app/controllers/beers_controller.rb:5:in `index'
Completed 200 OK in 27ms (Views: 21.4ms | ActiveRecord: 3.1ms | Allocations: 4920)


Started GET "/beers" for ::1 at 2020-05-11 00:21:14 -0500
Processing by BeersController#index as */*
  [1m[36mBeer Load (0.5ms)[0m  [1m[34mSELECT "beers".* FROM "beers"[0m
  ↳ app/controllers/beers_controller.rb:5:in `index'
Completed 200 OK in 14ms (Views: 12.9ms | ActiveRecord: 0.5ms | Allocations: 4920)


